Build started 2/8/2015 9:57:06 PM.
     1>Project "c:\Users\Joel\documents\visual studio 2015\Projects\DancingLinks\DancingLinks\DancingLinks.vcxproj" on node 2 (Build target(s)).
     1>ClCompile:
         C:\Program Files (x86)\Microsoft Visual Studio 14.0\VC\bin\CL.exe /c /ZI /nologo /W3 /WX- /sdl /Od /Oy- /D WIN32 /D _DEBUG /D _CONSOLE /D _UNICODE /D UNICODE /Gm /EHsc /RTC1 /MDd /GS /fp:precise /Zc:wchar_t /Zc:forScope /Yc"stdafx.h" /Fp"Debug\DancingLinks.pch" /Fo"Debug\\" /Fd"Debug\vc140.pdb" /Gd /TP /analyze- /errorReport:prompt stdafx.cpp
         stdafx.cpp
         C:\Program Files (x86)\Microsoft Visual Studio 14.0\VC\bin\CL.exe /c /ZI /nologo /W3 /WX- /sdl /Od /Oy- /D WIN32 /D _DEBUG /D _CONSOLE /D _UNICODE /D UNICODE /Gm /EHsc /RTC1 /MDd /GS /fp:precise /Zc:wchar_t /Zc:forScope /Yu"stdafx.h" /Fp"Debug\DancingLinks.pch" /Fo"Debug\\" /Fd"Debug\vc140.pdb" /Gd /TP /analyze- /errorReport:prompt ..\..\..\..\GitHub\SudokuSolver\DancingLinks\DancingLinks\DancingLinks.cpp ..\..\..\..\GitHub\SudokuSolver\DancingLinks\DancingLinks\DoublyLinkedList.cpp ..\..\..\..\GitHub\SudokuSolver\DancingLinks\DancingLinks\Header.cpp ..\..\..\..\GitHub\SudokuSolver\DancingLinks\DancingLinks\Node.cpp
         Node.cpp
         Header.cpp
     1>c:\users\joel\documents\github\sudokusolver\dancinglinks\dancinglinks\header.cpp(7): warning C4458: declaration of 'size' hides class member
         c:\users\joel\documents\github\sudokusolver\dancinglinks\dancinglinks\header.h(7): note: see declaration of 'Header::size'
         DoublyLinkedList.cpp
     1>c:\users\joel\documents\github\sudokusolver\dancinglinks\dancinglinks\doublylinkedlist.h(15): warning C4458: declaration of 'root' hides class member
         c:\users\joel\documents\github\sudokusolver\dancinglinks\dancinglinks\doublylinkedlist.h(9): note: see declaration of 'DoublyLinkedList::root'
     1>c:\users\joel\documents\github\sudokusolver\dancinglinks\dancinglinks\doublylinkedlist.cpp(16): error C2440: '=': cannot convert from 'Node' to 'Node *'
         c:\users\joel\documents\github\sudokusolver\dancinglinks\dancinglinks\doublylinkedlist.cpp(16): note: No user-defined-conversion operator available that can perform this conversion, or the operator cannot be called
     1>c:\users\joel\documents\github\sudokusolver\dancinglinks\dancinglinks\doublylinkedlist.cpp(17): error C2679: binary '=': no operator found which takes a right-hand operand of type 'Node *' (or there is no acceptable conversion)
         c:\users\joel\documents\github\sudokusolver\dancinglinks\dancinglinks\header.h(10): note: could be 'Header &Header::operator =(const Header &)'
         c:\users\joel\documents\github\sudokusolver\dancinglinks\dancinglinks\doublylinkedlist.cpp(17): note: while trying to match the argument list '(Header, Node *)'
     1>c:\users\joel\documents\github\sudokusolver\dancinglinks\dancinglinks\doublylinkedlist.cpp(19): error C2664: 'Node DoublyLinkedList::addNode(Header)': cannot convert argument 1 from 'Header *' to 'Header'
         c:\users\joel\documents\github\sudokusolver\dancinglinks\dancinglinks\doublylinkedlist.cpp(19): note: No constructor could take the source type, or constructor overload resolution was ambiguous
     1>c:\users\joel\documents\github\sudokusolver\dancinglinks\dancinglinks\doublylinkedlist.cpp(21): error C2679: binary '!=': no operator found which takes a right-hand operand of type 'Node' (or there is no acceptable conversion)
         c:\users\joel\documents\github\sudokusolver\dancinglinks\dancinglinks\doublylinkedlist.cpp(21): note: could be 'built-in C++ operator!=(Header *, Header *)'
         c:\users\joel\documents\github\sudokusolver\dancinglinks\dancinglinks\doublylinkedlist.cpp(21): note: while trying to match the argument list '(Header *, Node)'
     1>c:\users\joel\documents\github\sudokusolver\dancinglinks\dancinglinks\doublylinkedlist.cpp(25): error C4430: missing type specifier - int assumed. Note: C++ does not support default-int
     1>c:\users\joel\documents\github\sudokusolver\dancinglinks\dancinglinks\doublylinkedlist.cpp(25): error C2556: 'int DoublyLinkedList::createRoot(void)': overloaded function differs only by return type from 'Node DoublyLinkedList::createRoot(void)'
         c:\users\joel\documents\github\sudokusolver\dancinglinks\dancinglinks\doublylinkedlist.h(14): note: see declaration of 'DoublyLinkedList::createRoot'
     1>c:\users\joel\documents\github\sudokusolver\dancinglinks\dancinglinks\doublylinkedlist.cpp(25): error C2371: 'DoublyLinkedList::createRoot': redefinition; different basic types
         c:\users\joel\documents\github\sudokusolver\dancinglinks\dancinglinks\doublylinkedlist.h(14): note: see declaration of 'DoublyLinkedList::createRoot'
     1>c:\users\joel\documents\github\sudokusolver\dancinglinks\dancinglinks\doublylinkedlist.cpp(32): error C4430: missing type specifier - int assumed. Note: C++ does not support default-int
     1>c:\users\joel\documents\github\sudokusolver\dancinglinks\dancinglinks\doublylinkedlist.cpp(32): error C2511: 'int DoublyLinkedList::createHeader(void)': overloaded member function not found in 'DoublyLinkedList'
         c:\users\joel\documents\github\sudokusolver\dancinglinks\dancinglinks\doublylinkedlist.h(5): note: see declaration of 'DoublyLinkedList'
     1>c:\users\joel\documents\github\sudokusolver\dancinglinks\dancinglinks\doublylinkedlist.cpp(34): error C2228: left of '.right' must have class/struct/union
         c:\users\joel\documents\github\sudokusolver\dancinglinks\dancinglinks\doublylinkedlist.cpp(34): note: type is 'Header *'
         c:\users\joel\documents\github\sudokusolver\dancinglinks\dancinglinks\doublylinkedlist.cpp(34): note: did you intend to use '->' instead?
     1>c:\users\joel\documents\github\sudokusolver\dancinglinks\dancinglinks\doublylinkedlist.cpp(35): error C2228: left of '.left' must have class/struct/union
         c:\users\joel\documents\github\sudokusolver\dancinglinks\dancinglinks\doublylinkedlist.cpp(35): note: type is 'Header *'
         c:\users\joel\documents\github\sudokusolver\dancinglinks\dancinglinks\doublylinkedlist.cpp(35): note: did you intend to use '->' instead?
     1>c:\users\joel\documents\github\sudokusolver\dancinglinks\dancinglinks\doublylinkedlist.cpp(36): error C2228: left of '.up' must have class/struct/union
         c:\users\joel\documents\github\sudokusolver\dancinglinks\dancinglinks\doublylinkedlist.cpp(36): note: type is 'Header *'
         c:\users\joel\documents\github\sudokusolver\dancinglinks\dancinglinks\doublylinkedlist.cpp(36): note: did you intend to use '->' instead?
     1>c:\users\joel\documents\github\sudokusolver\dancinglinks\dancinglinks\doublylinkedlist.cpp(37): error C2228: left of '.down' must have class/struct/union
         c:\users\joel\documents\github\sudokusolver\dancinglinks\dancinglinks\doublylinkedlist.cpp(37): note: type is 'Header *'
         c:\users\joel\documents\github\sudokusolver\dancinglinks\dancinglinks\doublylinkedlist.cpp(37): note: did you intend to use '->' instead?
     1>c:\users\joel\documents\github\sudokusolver\dancinglinks\dancinglinks\doublylinkedlist.cpp(39): error C2228: left of '.right' must have class/struct/union
         c:\users\joel\documents\github\sudokusolver\dancinglinks\dancinglinks\doublylinkedlist.cpp(39): note: type is 'Header *'
         c:\users\joel\documents\github\sudokusolver\dancinglinks\dancinglinks\doublylinkedlist.cpp(39): note: did you intend to use '->' instead?
     1>c:\users\joel\documents\github\sudokusolver\dancinglinks\dancinglinks\doublylinkedlist.cpp(39): error C2228: left of '.left' must have class/struct/union
     1>c:\users\joel\documents\github\sudokusolver\dancinglinks\dancinglinks\doublylinkedlist.cpp(40): error C2228: left of '.left' must have class/struct/union
         c:\users\joel\documents\github\sudokusolver\dancinglinks\dancinglinks\doublylinkedlist.cpp(40): note: type is 'Header *'
         c:\users\joel\documents\github\sudokusolver\dancinglinks\dancinglinks\doublylinkedlist.cpp(40): note: did you intend to use '->' instead?
     1>c:\users\joel\documents\github\sudokusolver\dancinglinks\dancinglinks\doublylinkedlist.cpp(40): error C2228: left of '.right' must have class/struct/union
     1>c:\users\joel\documents\github\sudokusolver\dancinglinks\dancinglinks\doublylinkedlist.cpp(46): error C4430: missing type specifier - int assumed. Note: C++ does not support default-int
     1>c:\users\joel\documents\github\sudokusolver\dancinglinks\dancinglinks\doublylinkedlist.cpp(46): error C2556: 'int DoublyLinkedList::addNode(Header)': overloaded function differs only by return type from 'Node DoublyLinkedList::addNode(Header)'
         c:\users\joel\documents\github\sudokusolver\dancinglinks\dancinglinks\doublylinkedlist.h(16): note: see declaration of 'DoublyLinkedList::addNode'
     1>c:\users\joel\documents\github\sudokusolver\dancinglinks\dancinglinks\doublylinkedlist.cpp(46): error C2371: 'DoublyLinkedList::addNode': redefinition; different basic types
         c:\users\joel\documents\github\sudokusolver\dancinglinks\dancinglinks\doublylinkedlist.h(16): note: see declaration of 'DoublyLinkedList::addNode'
     1>c:\users\joel\documents\github\sudokusolver\dancinglinks\dancinglinks\doublylinkedlist.cpp(49): error C2228: left of '.up' must have class/struct/union
         c:\users\joel\documents\github\sudokusolver\dancinglinks\dancinglinks\doublylinkedlist.cpp(49): note: type is 'Node *'
         c:\users\joel\documents\github\sudokusolver\dancinglinks\dancinglinks\doublylinkedlist.cpp(49): note: did you intend to use '->' instead?
     1>c:\users\joel\documents\github\sudokusolver\dancinglinks\dancinglinks\doublylinkedlist.cpp(50): error C2228: left of '.down' must have class/struct/union
         c:\users\joel\documents\github\sudokusolver\dancinglinks\dancinglinks\doublylinkedlist.cpp(50): note: type is 'Node *'
         c:\users\joel\documents\github\sudokusolver\dancinglinks\dancinglinks\doublylinkedlist.cpp(50): note: did you intend to use '->' instead?
     1>c:\users\joel\documents\github\sudokusolver\dancinglinks\dancinglinks\doublylinkedlist.cpp(52): error C2228: left of '.up' must have class/struct/union
         c:\users\joel\documents\github\sudokusolver\dancinglinks\dancinglinks\doublylinkedlist.cpp(52): note: type is 'Node *'
         c:\users\joel\documents\github\sudokusolver\dancinglinks\dancinglinks\doublylinkedlist.cpp(52): note: did you intend to use '->' instead?
     1>c:\users\joel\documents\github\sudokusolver\dancinglinks\dancinglinks\doublylinkedlist.cpp(52): error C2228: left of '.down' must have class/struct/union
     1>c:\users\joel\documents\github\sudokusolver\dancinglinks\dancinglinks\doublylinkedlist.cpp(53): error C2228: left of '.down' must have class/struct/union
         c:\users\joel\documents\github\sudokusolver\dancinglinks\dancinglinks\doublylinkedlist.cpp(53): note: type is 'Node *'
         c:\users\joel\documents\github\sudokusolver\dancinglinks\dancinglinks\doublylinkedlist.cpp(53): note: did you intend to use '->' instead?
     1>c:\users\joel\documents\github\sudokusolver\dancinglinks\dancinglinks\doublylinkedlist.cpp(53): error C2228: left of '.up' must have class/struct/union
     1>c:\users\joel\documents\github\sudokusolver\dancinglinks\dancinglinks\doublylinkedlist.cpp(55): error C2679: binary '==': no operator found which takes a right-hand operand of type 'Node' (or there is no acceptable conversion)
         c:\users\joel\documents\github\sudokusolver\dancinglinks\dancinglinks\doublylinkedlist.cpp(55): note: could be 'built-in C++ operator==(Node *, Node *)'
         c:\users\joel\documents\github\sudokusolver\dancinglinks\dancinglinks\doublylinkedlist.cpp(55): note: while trying to match the argument list '(Node *, Node)'
     1>c:\users\joel\documents\github\sudokusolver\dancinglinks\dancinglinks\doublylinkedlist.cpp(56): error C2228: left of '.left' must have class/struct/union
         c:\users\joel\documents\github\sudokusolver\dancinglinks\dancinglinks\doublylinkedlist.cpp(56): note: type is 'Node *'
         c:\users\joel\documents\github\sudokusolver\dancinglinks\dancinglinks\doublylinkedlist.cpp(56): note: did you intend to use '->' instead?
     1>c:\users\joel\documents\github\sudokusolver\dancinglinks\dancinglinks\doublylinkedlist.cpp(57): error C2228: left of '.right' must have class/struct/union
         c:\users\joel\documents\github\sudokusolver\dancinglinks\dancinglinks\doublylinkedlist.cpp(57): note: type is 'Node *'
         c:\users\joel\documents\github\sudokusolver\dancinglinks\dancinglinks\doublylinkedlist.cpp(57): note: did you intend to use '->' instead?
     1>c:\users\joel\documents\github\sudokusolver\dancinglinks\dancinglinks\doublylinkedlist.cpp(60): error C2228: left of '.left' must have class/struct/union
         c:\users\joel\documents\github\sudokusolver\dancinglinks\dancinglinks\doublylinkedlist.cpp(60): note: type is 'Node *'
         c:\users\joel\documents\github\sudokusolver\dancinglinks\dancinglinks\doublylinkedlist.cpp(60): note: did you intend to use '->' instead?
     1>c:\users\joel\documents\github\sudokusolver\dancinglinks\dancinglinks\doublylinkedlist.cpp(61): error C2228: left of '.right' must have class/struct/union
         c:\users\joel\documents\github\sudokusolver\dancinglinks\dancinglinks\doublylinkedlist.cpp(61): note: type is 'Node *'
         c:\users\joel\documents\github\sudokusolver\dancinglinks\dancinglinks\doublylinkedlist.cpp(61): note: did you intend to use '->' instead?
     1>c:\users\joel\documents\github\sudokusolver\dancinglinks\dancinglinks\doublylinkedlist.cpp(62): error C2228: left of '.left' must have class/struct/union
         c:\users\joel\documents\github\sudokusolver\dancinglinks\dancinglinks\doublylinkedlist.cpp(62): note: type is 'Node *'
         c:\users\joel\documents\github\sudokusolver\dancinglinks\dancinglinks\doublylinkedlist.cpp(62): note: did you intend to use '->' instead?
     1>c:\users\joel\documents\github\sudokusolver\dancinglinks\dancinglinks\doublylinkedlist.cpp(62): error C2228: left of '.right' must have class/struct/union
     1>c:\users\joel\documents\github\sudokusolver\dancinglinks\dancinglinks\doublylinkedlist.cpp(63): error C2228: left of '.right' must have class/struct/union
         c:\users\joel\documents\github\sudokusolver\dancinglinks\dancinglinks\doublylinkedlist.cpp(63): note: type is 'Node *'
         c:\users\joel\documents\github\sudokusolver\dancinglinks\dancinglinks\doublylinkedlist.cpp(63): note: did you intend to use '->' instead?
     1>c:\users\joel\documents\github\sudokusolver\dancinglinks\dancinglinks\doublylinkedlist.cpp(63): error C2228: left of '.left' must have class/struct/union
         DancingLinks.cpp
         Generating Code...
     1>Done Building Project "c:\Users\Joel\documents\visual studio 2015\Projects\DancingLinks\DancingLinks\DancingLinks.vcxproj" (Build target(s)) -- FAILED.

Build FAILED.

Time Elapsed 00:00:03.32
